<?xml version="1.0" encoding="UTF-8" ?>
<testsuites>
  <testsuite errors="0" failures="3" hostname="acer-1a70f7763e" id="0" name="TestExecutor" package="test" tests="4" time="0.687" timestamp="2007-07-29T14:48:24">
      <properties>
[...]
</properties>

      <testcase classname="test.ToBeRunTC" name="testSomeTest" time="0.0" />

      <testcase classname="test.ToBeRunTC" name="testSomeMome" time="0.016">
          <failure message="expected:&lt;1&gt; but was:&lt;2&gt;" type="junit.framework.AssertionFailedError">junit.framework.AssertionFailedError: expected:&lt;1&gt; but was:&lt;2&gt;
	at test.ToBeRunTC.testSomeMome(Unknown Source)
</failure>

      </testcase>

      <testcase classname="test.TestExecutor" name="testExec" time="0.0">
          <failure message="expected:&lt;1&gt; but was:&lt;2&gt;" type="junit.framework.AssertionFailedError">junit.framework.AssertionFailedError: expected:&lt;1&gt; but was:&lt;2&gt;
	at test.TestExecutor.testExec(Unknown Source)
</failure>

      </testcase>

      <testcase classname="test.TestExecutor" name="testConfig" time="0.015">
          <failure message="expected:&lt;true&gt; but was:&lt;null&gt;" type="junit.framework.AssertionFailedError">junit.framework.AssertionFailedError: expected:&lt;true&gt; but was:&lt;null&gt;
	at test.TestExecutor.testConfig(Unknown Source)
</failure>

      </testcase>

      <system-out><![CDATA[]]></system-out>

      <system-err><![CDATA[]]></system-err>

  </testsuite>
</testsuites>
